<?xml version="1.0" encoding="UTF-8"?>
<!-- Generated by org.testng.reporters.JUnitReportReporter -->
<testsuite hostname="DESKTOP-64I2TDN" failures="0" tests="1" name="com.testCases.TC_RetreiveQuatation" time="6.509" errors="0" timestamp="2024-12-25T21:08:57 IST" skipped="0">
  <testcase classname="com.testCases.TC_RetreiveQuatation" name="testRetreiveQuatation" time="6.509"/>
  <system-out/>
</testsuite> <!-- com.testCases.TC_RetreiveQuatation -->
